[2023-10-05 15:31:58,995] uvicorn.error - INFO - Started server process [6812]
[2023-10-05 15:31:58,997] uvicorn.error - INFO - Waiting for application startup.
[2023-10-05 15:31:58,999] uvicorn.error - INFO - Application startup complete.
[2023-10-05 15:31:59,000] uvicorn.error - INFO - Uvicorn running on http://127.0.0.1:8000 (Press CTRL+C to quit)
[2023-10-05 15:36:39,875] root - INFO - Validating the user details while Registration.....
[2023-10-05 15:36:39,908] root - INFO - Generating the password hash.....
[2023-10-05 15:36:40,878] root - INFO - Saving the user details in the database.....
[2023-10-05 15:36:40,971] root - INFO - Saving the user details in the database completed.....
[2023-10-05 15:41:02,256] root - INFO - Authenticating the user details.....
[2023-10-05 15:41:02,260] root - INFO - Fetching the user details from the database.....
[2023-10-05 15:41:03,076] root - INFO - User authenticated successfully....
[2023-10-05 15:41:32,150] root - INFO - Validating User Embedding ......
[2023-10-05 15:41:32,150] root - INFO - Embedding Validation Successfull.......
[2023-10-05 15:41:32,152] root - INFO - Generating Embedding List .......
[2023-10-05 15:42:11,333] root - INFO - Embedding List generated.......
[2023-10-05 15:42:11,333] root - INFO - Calculating Average Embedding .......
[2023-10-05 15:42:11,333] root - INFO - Average Embedding calculated.......
[2023-10-05 15:42:11,333] root - INFO - Calculating Cosine Similarity .......
[2023-10-05 15:42:11,336] root - INFO - Cosine Similarity calculated.......
[2023-10-05 15:42:11,336] root - INFO - User Authenticated Successfully.......
[2023-10-05 15:42:41,204] root - INFO - Authenticating the user details.....
[2023-10-05 15:42:41,205] root - INFO - Fetching the user details from the database.....
[2023-10-05 15:42:42,070] root - INFO - User authenticated successfully....
[2023-10-05 15:43:00,261] root - INFO - Validating User Embedding ......
[2023-10-05 15:43:00,261] root - INFO - Embedding Validation Successfull.......
[2023-10-05 15:43:00,262] root - INFO - Generating Embedding List .......
[2023-10-05 15:43:40,776] root - INFO - Embedding List generated.......
[2023-10-05 15:43:40,777] root - INFO - Calculating Average Embedding .......
[2023-10-05 15:43:40,777] root - INFO - Average Embedding calculated.......
[2023-10-05 15:43:40,781] root - INFO - Calculating Cosine Similarity .......
[2023-10-05 15:43:40,782] root - INFO - Cosine Similarity calculated.......
[2023-10-05 15:43:40,782] root - INFO - User Authenticated Successfully.......
[2023-10-05 15:44:12,020] uvicorn.error - INFO - Shutting down
[2023-10-05 15:44:12,128] uvicorn.error - INFO - Waiting for application shutdown.
[2023-10-05 15:44:12,130] uvicorn.error - INFO - Application shutdown complete.
[2023-10-05 15:44:12,130] uvicorn.error - INFO - Finished server process [6812]
